207018, ./dataset/batterio.json
key: tr|E0YJB0|E0YJB0_NEIME already embedded
key: tr|Q1KMW9|Q1KMW9_NEIME already embedded
key: tr|Q5W9D3|Q5W9D3_NEIME already embedded
key: tr|Q9RQV7|Q9RQV7_NEIME already embedded
key: tr|Q9S360|Q9S360_NEIME already embedded
key: tr|Q9XAY8|Q9XAY8_NEIME already embedded
key: tr|X5EFD5|X5EFD5_NEIME already embedded
key: tr|X5EFF5|X5EFF5_NEIME already embedded
Predicting the embedding for  tr|X5EFQ6|X5EFQ6_NEIME ...
New process started tr|X5EFQ6|X5EFQ6_NEIME
No GPU/TPU found, falling back to CPU. (Set TF_CPP_MIN_LOG_LEVEL=0 and rerun for more info.)
element added
running model_1
reranking models based on avg. predicted lDDT
model_1 26.01931967455792
Predicting the embedding for  tr|X5EG26|X5EG26_NEIME ...
New process started tr|X5EG26|X5EG26_NEIME
No GPU/TPU found, falling back to CPU. (Set TF_CPP_MIN_LOG_LEVEL=0 and rerun for more info.)
element added
running model_1
reranking models based on avg. predicted lDDT
model_1 28.83557655885021
Predicting the embedding for  tr|X5EG41|X5EG41_NEIME ...
New process started tr|X5EG41|X5EG41_NEIME
No GPU/TPU found, falling back to CPU. (Set TF_CPP_MIN_LOG_LEVEL=0 and rerun for more info.)
element added
running model_1
reranking models based on avg. predicted lDDT
model_1 27.177673716083607
Predicting the embedding for  tr|X5EGE0|X5EGE0_NEIME ...
New process started tr|X5EGE0|X5EGE0_NEIME
No GPU/TPU found, falling back to CPU. (Set TF_CPP_MIN_LOG_LEVEL=0 and rerun for more info.)
element added
running model_1
reranking models based on avg. predicted lDDT
model_1 34.15297373613287
Predicting the embedding for  tr|X5EGN9|X5EGN9_NEIME ...
New process started tr|X5EGN9|X5EGN9_NEIME
No GPU/TPU found, falling back to CPU. (Set TF_CPP_MIN_LOG_LEVEL=0 and rerun for more info.)
element added
running model_1
reranking models based on avg. predicted lDDT
model_1 33.5217740866931
Predicting the embedding for  tr|X5EGR7|X5EGR7_NEIME ...
New process started tr|X5EGR7|X5EGR7_NEIME
No GPU/TPU found, falling back to CPU. (Set TF_CPP_MIN_LOG_LEVEL=0 and rerun for more info.)
element added
running model_1
reranking models based on avg. predicted lDDT
model_1 31.260310274473916
Predicting the embedding for  tr|X5EGZ2|X5EGZ2_NEIME ...
New process started tr|X5EGZ2|X5EGZ2_NEIME
No GPU/TPU found, falling back to CPU. (Set TF_CPP_MIN_LOG_LEVEL=0 and rerun for more info.)
element added
running model_1
reranking models based on avg. predicted lDDT
model_1 39.66282309508274
Predicting the embedding for  tr|X5EH23|X5EH23_NEIME ...
New process started tr|X5EH23|X5EH23_NEIME
No GPU/TPU found, falling back to CPU. (Set TF_CPP_MIN_LOG_LEVEL=0 and rerun for more info.)
element added
running model_1
reranking models based on avg. predicted lDDT
model_1 28.5704216038991
Predicting the embedding for  tr|X5EH65|X5EH65_NEIME ...
New process started tr|X5EH65|X5EH65_NEIME
No GPU/TPU found, falling back to CPU. (Set TF_CPP_MIN_LOG_LEVEL=0 and rerun for more info.)
element added
running model_1
reranking models based on avg. predicted lDDT
model_1 29.200045880306853
Predicting the embedding for  tr|X5EHD0|X5EHD0_NEIME ...
New process started tr|X5EHD0|X5EHD0_NEIME
No GPU/TPU found, falling back to CPU. (Set TF_CPP_MIN_LOG_LEVEL=0 and rerun for more info.)
element added
running model_1
reranking models based on avg. predicted lDDT
model_1 45.5154653231089
Predicting the embedding for  tr|X5EHD5|X5EHD5_NEIME ...
New process started tr|X5EHD5|X5EHD5_NEIME
No GPU/TPU found, falling back to CPU. (Set TF_CPP_MIN_LOG_LEVEL=0 and rerun for more info.)
element added
running model_1
reranking models based on avg. predicted lDDT
model_1 29.15125538892597
Predicting the embedding for  tr|X5EHI8|X5EHI8_NEIME ...
New process started tr|X5EHI8|X5EHI8_NEIME
No GPU/TPU found, falling back to CPU. (Set TF_CPP_MIN_LOG_LEVEL=0 and rerun for more info.)
element added
running model_1
reranking models based on avg. predicted lDDT
model_1 37.021255911712345
Predicting the embedding for  tr|X5EHK0|X5EHK0_NEIME ...
New process started tr|X5EHK0|X5EHK0_NEIME
No GPU/TPU found, falling back to CPU. (Set TF_CPP_MIN_LOG_LEVEL=0 and rerun for more info.)
element added
running model_1
reranking models based on avg. predicted lDDT
model_1 34.49098953118468
Predicting the embedding for  tr|X5EHU7|X5EHU7_NEIME ...
New process started tr|X5EHU7|X5EHU7_NEIME
No GPU/TPU found, falling back to CPU. (Set TF_CPP_MIN_LOG_LEVEL=0 and rerun for more info.)
element added
running model_1
reranking models based on avg. predicted lDDT
model_1 35.35299856594663
Predicting the embedding for  tr|X5EI30|X5EI30_NEIME ...
New process started tr|X5EI30|X5EI30_NEIME
No GPU/TPU found, falling back to CPU. (Set TF_CPP_MIN_LOG_LEVEL=0 and rerun for more info.)
element added
running model_1
reranking models based on avg. predicted lDDT
model_1 48.59765058860211
Predicting the embedding for  tr|X5EI35|X5EI35_NEIME ...
New process started tr|X5EI35|X5EI35_NEIME
No GPU/TPU found, falling back to CPU. (Set TF_CPP_MIN_LOG_LEVEL=0 and rerun for more info.)
element added
running model_1
reranking models based on avg. predicted lDDT
model_1 36.99529388223459
Predicting the embedding for  tr|X5EI40|X5EI40_NEIME ...
New process started tr|X5EI40|X5EI40_NEIME
No GPU/TPU found, falling back to CPU. (Set TF_CPP_MIN_LOG_LEVEL=0 and rerun for more info.)
element added
running model_1
reranking models based on avg. predicted lDDT
model_1 28.156683798558237
Predicting the embedding for  tr|X5EI46|X5EI46_NEIME ...
New process started tr|X5EI46|X5EI46_NEIME
No GPU/TPU found, falling back to CPU. (Set TF_CPP_MIN_LOG_LEVEL=0 and rerun for more info.)
element added
running model_1
reranking models based on avg. predicted lDDT
model_1 35.28359046660013
Predicting the embedding for  tr|X5EIA4|X5EIA4_NEIME ...
New process started tr|X5EIA4|X5EIA4_NEIME
No GPU/TPU found, falling back to CPU. (Set TF_CPP_MIN_LOG_LEVEL=0 and rerun for more info.)
element added
running model_1
reranking models based on avg. predicted lDDT
model_1 31.859134528109774
Predicting the embedding for  tr|X5EIF1|X5EIF1_NEIME ...
New process started tr|X5EIF1|X5EIF1_NEIME
No GPU/TPU found, falling back to CPU. (Set TF_CPP_MIN_LOG_LEVEL=0 and rerun for more info.)
element added
running model_1
reranking models based on avg. predicted lDDT
model_1 31.44254874757831
Predicting the embedding for  tr|X5EIH9|X5EIH9_NEIME ...
New process started tr|X5EIH9|X5EIH9_NEIME
No GPU/TPU found, falling back to CPU. (Set TF_CPP_MIN_LOG_LEVEL=0 and rerun for more info.)
element added
running model_1
reranking models based on avg. predicted lDDT
model_1 29.362761421073216
Predicting the embedding for  tr|X5EIK6|X5EIK6_NEIME ...
New process started tr|X5EIK6|X5EIK6_NEIME
No GPU/TPU found, falling back to CPU. (Set TF_CPP_MIN_LOG_LEVEL=0 and rerun for more info.)
element added
running model_1
reranking models based on avg. predicted lDDT
model_1 28.166130224066162
Predicting the embedding for  tr|X5EIR4|X5EIR4_NEIME ...
New process started tr|X5EIR4|X5EIR4_NEIME
No GPU/TPU found, falling back to CPU. (Set TF_CPP_MIN_LOG_LEVEL=0 and rerun for more info.)
element added
running model_1
reranking models based on avg. predicted lDDT
model_1 27.73096229188767
Predicting the embedding for  tr|X5EIS6|X5EIS6_NEIME ...
New process started tr|X5EIS6|X5EIS6_NEIME
No GPU/TPU found, falling back to CPU. (Set TF_CPP_MIN_LOG_LEVEL=0 and rerun for more info.)
element added
running model_1
reranking models based on avg. predicted lDDT
model_1 35.80930014306379
Predicting the embedding for  tr|X5EIX2|X5EIX2_NEIME ...
New process started tr|X5EIX2|X5EIX2_NEIME
No GPU/TPU found, falling back to CPU. (Set TF_CPP_MIN_LOG_LEVEL=0 and rerun for more info.)
element added
running model_1
reranking models based on avg. predicted lDDT
model_1 29.296684792683546
Predicting the embedding for  tr|X5EJ54|X5EJ54_NEIME ...
New process started tr|X5EJ54|X5EJ54_NEIME
No GPU/TPU found, falling back to CPU. (Set TF_CPP_MIN_LOG_LEVEL=0 and rerun for more info.)
element added
running model_1
reranking models based on avg. predicted lDDT
model_1 31.75158789755832
Predicting the embedding for  tr|X5EJK0|X5EJK0_NEIME ...
New process started tr|X5EJK0|X5EJK0_NEIME
No GPU/TPU found, falling back to CPU. (Set TF_CPP_MIN_LOG_LEVEL=0 and rerun for more info.)
element added
running model_1
reranking models based on avg. predicted lDDT
model_1 29.808349659508636
Predicting the embedding for  tr|X5EJK4|X5EJK4_NEIME ...
New process started tr|X5EJK4|X5EJK4_NEIME
No GPU/TPU found, falling back to CPU. (Set TF_CPP_MIN_LOG_LEVEL=0 and rerun for more info.)
element added
running model_1
reranking models based on avg. predicted lDDT
model_1 34.249687461684026
Predicting the embedding for  tr|X5EJL3|X5EJL3_NEIME ...
New process started tr|X5EJL3|X5EJL3_NEIME
No GPU/TPU found, falling back to CPU. (Set TF_CPP_MIN_LOG_LEVEL=0 and rerun for more info.)
element added
running model_1
reranking models based on avg. predicted lDDT
model_1 35.705919256861144
Predicting the embedding for  tr|X5EJM7|X5EJM7_NEIME ...
New process started tr|X5EJM7|X5EJM7_NEIME
No GPU/TPU found, falling back to CPU. (Set TF_CPP_MIN_LOG_LEVEL=0 and rerun for more info.)
element added
running model_1
reranking models based on avg. predicted lDDT
model_1 30.545250634435877
Predicting the embedding for  tr|X5EJN7|X5EJN7_NEIME ...
New process started tr|X5EJN7|X5EJN7_NEIME
No GPU/TPU found, falling back to CPU. (Set TF_CPP_MIN_LOG_LEVEL=0 and rerun for more info.)
element added
running model_1
reranking models based on avg. predicted lDDT
model_1 38.753160746997665
Predicting the embedding for  tr|X5EJR3|X5EJR3_NEIME ...
New process started tr|X5EJR3|X5EJR3_NEIME
No GPU/TPU found, falling back to CPU. (Set TF_CPP_MIN_LOG_LEVEL=0 and rerun for more info.)
element added
running model_1
reranking models based on avg. predicted lDDT
model_1 32.083061723187896
Predicting the embedding for  tr|X5EK49|X5EK49_NEIME ...
New process started tr|X5EK49|X5EK49_NEIME
No GPU/TPU found, falling back to CPU. (Set TF_CPP_MIN_LOG_LEVEL=0 and rerun for more info.)
element added
running model_1
reranking models based on avg. predicted lDDT
model_1 29.516241229192424
Predicting the embedding for  tr|X5EK54|X5EK54_NEIME ...
New process started tr|X5EK54|X5EK54_NEIME
No GPU/TPU found, falling back to CPU. (Set TF_CPP_MIN_LOG_LEVEL=0 and rerun for more info.)
element added
running model_1
reranking models based on avg. predicted lDDT
model_1 34.32296035373316
Predicting the embedding for  tr|X5EKT1|X5EKT1_NEIME ...
New process started tr|X5EKT1|X5EKT1_NEIME
No GPU/TPU found, falling back to CPU. (Set TF_CPP_MIN_LOG_LEVEL=0 and rerun for more info.)
element added
running model_1
reranking models based on avg. predicted lDDT
model_1 39.01631561785847
Predicting the embedding for  tr|X5EKU2|X5EKU2_NEIME ...
New process started tr|X5EKU2|X5EKU2_NEIME
No GPU/TPU found, falling back to CPU. (Set TF_CPP_MIN_LOG_LEVEL=0 and rerun for more info.)
element added
running model_1
reranking models based on avg. predicted lDDT
model_1 34.4388282895435
Predicting the embedding for  tr|X5EKY7|X5EKY7_NEIME ...
New process started tr|X5EKY7|X5EKY7_NEIME
No GPU/TPU found, falling back to CPU. (Set TF_CPP_MIN_LOG_LEVEL=0 and rerun for more info.)
element added
running model_1
reranking models based on avg. predicted lDDT
model_1 31.719521196669458
Predicting the embedding for  tr|X5ELL5|X5ELL5_NEIME ...
New process started tr|X5ELL5|X5ELL5_NEIME
No GPU/TPU found, falling back to CPU. (Set TF_CPP_MIN_LOG_LEVEL=0 and rerun for more info.)
element added
running model_1
reranking models based on avg. predicted lDDT
model_1 34.281160924161256
Predicting the embedding for  tr|X5ELN5|X5ELN5_NEIME ...
New process started tr|X5ELN5|X5ELN5_NEIME
No GPU/TPU found, falling back to CPU. (Set TF_CPP_MIN_LOG_LEVEL=0 and rerun for more info.)
element added
running model_1
reranking models based on avg. predicted lDDT
model_1 41.28197770400643
Predicting the embedding for  tr|X5ELR6|X5ELR6_NEIME ...
New process started tr|X5ELR6|X5ELR6_NEIME
No GPU/TPU found, falling back to CPU. (Set TF_CPP_MIN_LOG_LEVEL=0 and rerun for more info.)
element added
running model_1
reranking models based on avg. predicted lDDT
model_1 31.350616736271142
Predicting the embedding for  tr|X5ELS2|X5ELS2_NEIME ...
New process started tr|X5ELS2|X5ELS2_NEIME
No GPU/TPU found, falling back to CPU. (Set TF_CPP_MIN_LOG_LEVEL=0 and rerun for more info.)
element added
running model_1
reranking models based on avg. predicted lDDT
model_1 32.16127543242918
Predicting the embedding for  tr|X5ELS6|X5ELS6_NEIME ...
New process started tr|X5ELS6|X5ELS6_NEIME
No GPU/TPU found, falling back to CPU. (Set TF_CPP_MIN_LOG_LEVEL=0 and rerun for more info.)
element added
running model_1
reranking models based on avg. predicted lDDT
model_1 33.32877957569743
Predicting the embedding for  tr|X5ELU2|X5ELU2_NEIME ...
New process started tr|X5ELU2|X5ELU2_NEIME
No GPU/TPU found, falling back to CPU. (Set TF_CPP_MIN_LOG_LEVEL=0 and rerun for more info.)
element added
running model_1
reranking models based on avg. predicted lDDT
model_1 31.324624356855878
Predicting the embedding for  tr|X5ELV2|X5ELV2_NEIME ...
New process started tr|X5ELV2|X5ELV2_NEIME
No GPU/TPU found, falling back to CPU. (Set TF_CPP_MIN_LOG_LEVEL=0 and rerun for more info.)
element added
running model_1
reranking models based on avg. predicted lDDT
model_1 30.00050001374499
Predicting the embedding for  tr|X5ELX2|X5ELX2_NEIME ...
New process started tr|X5ELX2|X5ELX2_NEIME
No GPU/TPU found, falling back to CPU. (Set TF_CPP_MIN_LOG_LEVEL=0 and rerun for more info.)
element added
running model_1
reranking models based on avg. predicted lDDT
model_1 41.72040033036987
Predicting the embedding for  tr|X5ELY3|X5ELY3_NEIME ...
New process started tr|X5ELY3|X5ELY3_NEIME
No GPU/TPU found, falling back to CPU. (Set TF_CPP_MIN_LOG_LEVEL=0 and rerun for more info.)
element added
running model_1
reranking models based on avg. predicted lDDT
model_1 31.039499404532258
Predicting the embedding for  tr|X5EM07|X5EM07_NEIME ...
New process started tr|X5EM07|X5EM07_NEIME
No GPU/TPU found, falling back to CPU. (Set TF_CPP_MIN_LOG_LEVEL=0 and rerun for more info.)
element added
running model_1
reranking models based on avg. predicted lDDT
model_1 31.81750825358585
Predicting the embedding for  tr|X5EM21|X5EM21_NEIME ...
New process started tr|X5EM21|X5EM21_NEIME
No GPU/TPU found, falling back to CPU. (Set TF_CPP_MIN_LOG_LEVEL=0 and rerun for more info.)
element added
running model_1
reranking models based on avg. predicted lDDT
model_1 33.39973489026176
Predicting the embedding for  tr|X5EM25|X5EM25_NEIME ...
New process started tr|X5EM25|X5EM25_NEIME
No GPU/TPU found, falling back to CPU. (Set TF_CPP_MIN_LOG_LEVEL=0 and rerun for more info.)
element added
running model_1
reranking models based on avg. predicted lDDT
model_1 35.68469412784791
Predicting the embedding for  tr|X5EM55|X5EM55_NEIME ...
New process started tr|X5EM55|X5EM55_NEIME
No GPU/TPU found, falling back to CPU. (Set TF_CPP_MIN_LOG_LEVEL=0 and rerun for more info.)
element added
running model_1
reranking models based on avg. predicted lDDT
model_1 58.16963154102855
Predicting the embedding for  tr|X5EMA8|X5EMA8_NEIME ...
New process started tr|X5EMA8|X5EMA8_NEIME
No GPU/TPU found, falling back to CPU. (Set TF_CPP_MIN_LOG_LEVEL=0 and rerun for more info.)
element added
running model_1
reranking models based on avg. predicted lDDT
model_1 30.48157988332849
Predicting the embedding for  tr|X5EMG2|X5EMG2_NEIME ...
New process started tr|X5EMG2|X5EMG2_NEIME
No GPU/TPU found, falling back to CPU. (Set TF_CPP_MIN_LOG_LEVEL=0 and rerun for more info.)
element added
running model_1
reranking models based on avg. predicted lDDT
model_1 43.515327510979056
Predicting the embedding for  tr|X5EMJ2|X5EMJ2_NEIME ...
New process started tr|X5EMJ2|X5EMJ2_NEIME
No GPU/TPU found, falling back to CPU. (Set TF_CPP_MIN_LOG_LEVEL=0 and rerun for more info.)
element added
running model_1
reranking models based on avg. predicted lDDT
model_1 42.66743874212465
Predicting the embedding for  tr|X5EMK8|X5EMK8_NEIME ...
New process started tr|X5EMK8|X5EMK8_NEIME
No GPU/TPU found, falling back to CPU. (Set TF_CPP_MIN_LOG_LEVEL=0 and rerun for more info.)
element added
running model_1
reranking models based on avg. predicted lDDT
model_1 40.240385305836845
Predicting the embedding for  tr|X5EMM2|X5EMM2_NEIME ...
New process started tr|X5EMM2|X5EMM2_NEIME
No GPU/TPU found, falling back to CPU. (Set TF_CPP_MIN_LOG_LEVEL=0 and rerun for more info.)
